<?xml version="1.0" encoding="UTF-8"?>
<!-- Generated by org.testng.reporters.JUnitReportReporter -->
<testsuite hostname="PrashantVICTUS" failures="0" tests="1" name="RestAssured.testScripts.DynamicJsonADDthenDELETE" time="3.145" errors="0" timestamp="2022-05-18T15:34:31 IST" skipped="0">
  <testcase classname="RestAssured.testScripts.DynamicJsonADDthenDELETE" name="addBook" time="3.145"/>
  <system-out/>
</testsuite> <!-- RestAssured.testScripts.DynamicJsonADDthenDELETE -->
