<?xml version="1.0" encoding="UTF-8"?>
<!-- Generated by org.testng.reporters.JUnitReportReporter -->
<testsuite hostname="PrashantVICTUS" failures="0" tests="1" name="com.hrms.testScripts.DynamicJson" time="2.930" errors="0" timestamp="2022-05-16T20:53:00 IST" skipped="0">
  <testcase classname="com.hrms.testScripts.DynamicJson" name="addBook" time="2.930"/>
  <system-out/>
</testsuite> <!-- com.hrms.testScripts.DynamicJson -->
