<?xml version="1.0" encoding="UTF-8"?>
<!-- Generated by org.testng.reporters.JUnitReportReporter -->
<testsuite hostname="PrashantVICTUS" failures="0" tests="4" name="RestAssured.testScripts.Parameterizing" time="4.930" errors="0" timestamp="2022-05-18T15:35:11 IST" skipped="0">
  <testcase classname="RestAssured.testScripts.Parameterizing" name="addBook" time="0.579"/>
  <system-out/>
  <testcase classname="RestAssured.testScripts.Parameterizing" name="addBook" time="0.613"/>
  <system-out/>
  <testcase classname="RestAssured.testScripts.Parameterizing" name="addBook" time="3.123"/>
  <system-out/>
  <testcase classname="RestAssured.testScripts.Parameterizing" name="addBook" time="0.615"/>
  <system-out/>
</testsuite> <!-- RestAssured.testScripts.Parameterizing -->
