<?xml version="1.0" encoding="UTF-8"?>
<!-- Generated by org.testng.reporters.JUnitReportReporter -->
<testsuite hostname="PrashantVICTUS" failures="0" tests="1" name="com.hrms.testScripts.LoginTest" time="7.206" errors="0" timestamp="2022-04-27T16:21:11 IST" skipped="0">
  <testcase classname="com.hrms.testScripts.LoginTest" name="loginTest" time="7.206"/>
  <system-out>
    <![CDATA[Login Successfull]]>
  </system-out>
</testsuite> <!-- com.hrms.testScripts.LoginTest -->
