<?xml version="1.0" encoding="UTF-8"?>
<!-- Generated by org.testng.reporters.JUnitReportReporter -->
<testsuite hostname="PrashantVICTUS" failures="0" tests="1" name="com.hrms.testScripts.AdminTest" time="2.784" errors="0" timestamp="2022-04-27T16:09:00 IST" skipped="0">
  <testcase classname="com.hrms.testScripts.AdminTest" name="verifyPageTitle" time="2.784"/>
  <system-out/>
</testsuite> <!-- com.hrms.testScripts.AdminTest -->
