<?xml version="1.0" encoding="UTF-8"?>
<!-- Generated by org.testng.reporters.JUnitReportReporter -->
<testsuite hostname="PrashantVICTUS" failures="0" tests="1" name="RestAssured.testScripts.DynamicJson" time="3.078" errors="0" timestamp="2022-05-17T18:08:32 IST" skipped="0">
  <testcase classname="RestAssured.testScripts.DynamicJson" name="addBook" time="3.078"/>
  <system-out/>
</testsuite> <!-- RestAssured.testScripts.DynamicJson -->
