<?xml version="1.0" encoding="UTF-8"?>
<!-- Generated by org.testng.reporters.JUnitReportReporter -->
<testsuite hostname="PrashantVICTUS" failures="0" tests="1" name="com.hrms.testScripts.HomeTest" time="4.853" errors="0" timestamp="2022-04-30T18:58:52 IST" skipped="0">
  <testcase classname="com.hrms.testScripts.HomeTest" name="varifyTitle" time="4.853"/>
  <system-out>
    <![CDATA[Verification of Title is successful]]>
  </system-out>
</testsuite> <!-- com.hrms.testScripts.HomeTest -->
